<?xml version="1.0" encoding="UTF-8"?>
<testng-results ignored="0" total="1" passed="1" failed="0" skipped="0">
  <reporter-output>
  </reporter-output>
  <suite started-at="2023-07-26T08:12:48 IST" name="superProject" finished-at="2023-07-26T08:12:58 IST" duration-ms="10048">
    <groups>
    </groups>
    <test started-at="2023-07-26T08:12:48 IST" name="TC_LoginTest_001" finished-at="2023-07-26T08:12:58 IST" duration-ms="10048">
      <class name="com.superProject.testCases.TC_LoginTest_001">
        <test-method is-config="true" signature="setup(java.lang.String)[pri:0, instance:com.superProject.testCases.TC_LoginTest_001@2dc54ad4]" started-at="2023-07-26T08:12:48 IST" name="setup" finished-at="2023-07-26T08:12:55 IST" duration-ms="6771" status="PASS">
          <params>
            <param index="0">
              <value>
                <![CDATA[chrome]]>
              </value>
            </param>
          </params>
          <reporter-output>
          </reporter-output>
        </test-method> <!-- setup -->
        <test-method signature="LoginTest()[pri:0, instance:com.superProject.testCases.TC_LoginTest_001@2dc54ad4]" started-at="2023-07-26T08:12:55 IST" name="LoginTest" finished-at="2023-07-26T08:12:58 IST" duration-ms="3027" status="PASS">
          <reporter-output>
          </reporter-output>
        </test-method> <!-- LoginTest -->
        <test-method is-config="true" signature="tearDown()[pri:0, instance:com.superProject.testCases.TC_LoginTest_001@2dc54ad4]" started-at="2023-07-26T08:12:58 IST" name="tearDown" finished-at="2023-07-26T08:12:58 IST" duration-ms="188" status="PASS">
          <reporter-output>
          </reporter-output>
        </test-method> <!-- tearDown -->
      </class> <!-- com.superProject.testCases.TC_LoginTest_001 -->
    </test> <!-- TC_LoginTest_001 -->
  </suite> <!-- superProject -->
</testng-results>
